<?xml version="1.0" encoding="UTF-8"?>
<testng-results skipped="0" failed="0" ignored="0" total="1" passed="1">
  <reporter-output>
  </reporter-output>
  <suite name="Default suite" duration-ms="7658" started-at="2020-02-10T08:41:10Z" finished-at="2020-02-10T08:41:17Z">
    <groups>
    </groups>
    <test name="Default test" duration-ms="7658" started-at="2020-02-10T08:41:10Z" finished-at="2020-02-10T08:41:17Z">
      <class name="restassured.Testcase1">
        <test-method status="PASS" signature="setup()[pri:0, instance:restassured.Testcase1@4b9e13df]" name="setup" is-config="true" duration-ms="761" started-at="2020-02-10T08:41:10Z" finished-at="2020-02-10T08:41:10Z">
          <reporter-output>
          </reporter-output>
        </test-method> <!-- setup -->
        <test-method status="PASS" signature="getAgents()[pri:0, instance:restassured.Testcase1@4b9e13df]" name="getAgents" duration-ms="6865" started-at="2020-02-10T08:41:10Z" finished-at="2020-02-10T08:41:17Z">
          <reporter-output>
          </reporter-output>
        </test-method> <!-- getAgents -->
        <test-method status="PASS" signature="reset()[pri:0, instance:restassured.Testcase1@4b9e13df]" name="reset" is-config="true" duration-ms="0" started-at="2020-02-10T08:41:17Z" finished-at="2020-02-10T08:41:17Z">
          <reporter-output>
          </reporter-output>
        </test-method> <!-- reset -->
      </class> <!-- restassured.Testcase1 -->
    </test> <!-- Default test -->
  </suite> <!-- Default suite -->
</testng-results>
